This is pdfTeX, Version 3.14159265-2.6-1.40.20 (TeX Live 2019/Debian) (preloaded format=pdflatex 2020.5.8)  11 MAY 2020 21:08
entering extended mode
 \write18 enabled.
 file:line:error style messages enabled.
 %&-line parsing enabled.
**/home/sourabh/Documents/btpTest/btp/BTP_report_template/btp_report.tex
(/home/sourabh/Documents/btpTest/btp/BTP_report_template/btp_report.tex
LaTeX2e <2020-02-02> patch level 2
L3 programming layer <2020-02-14> (./CSEThesis.cls
Document Class: CSEThesis 2007/04/09
(/usr/share/texlive/texmf-dist/tex/latex/base/report.cls
Document Class: report 2019/12/20 v1.4l Standard LaTeX document class
(/usr/share/texlive/texmf-dist/tex/latex/base/size12.clo
File: size12.clo 2019/12/20 v1.4l Standard LaTeX file (size option)
)
\c@part=\count167
\c@chapter=\count168
\c@section=\count169
\c@subsection=\count170
\c@subsubsection=\count171
\c@paragraph=\count172
\c@subparagraph=\count173
\c@figure=\count174
\c@table=\count175
\abovecaptionskip=\skip47
\belowcaptionskip=\skip48
\bibindent=\dimen134
)
\c@theorem=\count176
\c@invar=\count177
\c@obs=\count178
\c@conj=\count179
\btptitle=\toks14
\name=\toks15
\rollno=\toks16
\email=\toks17
\guide=\toks18
\insidemargin=\dimen135
\outsidemargin=\dimen136
\abovemargin=\dimen137
\belowmargin=\dimen138
\aboveTcaptionskip=\dimen139
\belowTcaptionskip=\dimen140
) (/usr/share/texlive/texmf-dist/tex/latex/amsmath/amsmath.sty
Package: amsmath 2020/01/20 v2.17e AMS math features
\@mathmargin=\skip49

For additional information on amsmath, use the `?' option.
(/usr/share/texlive/texmf-dist/tex/latex/amsmath/amstext.sty
Package: amstext 2000/06/29 v2.01 AMS text
 (/usr/share/texlive/texmf-dist/tex/latex/amsmath/amsgen.sty
File: amsgen.sty 1999/11/30 v2.0 generic functions
\@emptytoks=\toks19
\ex@=\dimen141
)) (/usr/share/texlive/texmf-dist/tex/latex/amsmath/amsbsy.sty
Package: amsbsy 1999/11/29 v1.2d Bold Symbols
\pmbraise@=\dimen142
) (/usr/share/texlive/texmf-dist/tex/latex/amsmath/amsopn.sty
Package: amsopn 2016/03/08 v2.02 operator names
)
\inf@bad=\count180
LaTeX Info: Redefining \frac on input line 227.
\uproot@=\count181
\leftroot@=\count182
LaTeX Info: Redefining \overline on input line 389.
\classnum@=\count183
\DOTSCASE@=\count184
LaTeX Info: Redefining \ldots on input line 486.
LaTeX Info: Redefining \dots on input line 489.
LaTeX Info: Redefining \cdots on input line 610.
\Mathstrutbox@=\box45
\strutbox@=\box46
\big@size=\dimen143
LaTeX Font Info:    Redeclaring font encoding OML on input line 733.
LaTeX Font Info:    Redeclaring font encoding OMS on input line 734.
\macc@depth=\count185
\c@MaxMatrixCols=\count186
\dotsspace@=\muskip16
\c@parentequation=\count187
\dspbrk@lvl=\count188
\tag@help=\toks20
\row@=\count189
\column@=\count190
\maxfields@=\count191
\andhelp@=\toks21
\eqnshift@=\dimen144
\alignsep@=\dimen145
\tagshift@=\dimen146
\tagwidth@=\dimen147
\totwidth@=\dimen148
\lineht@=\dimen149
\@envbody=\toks22
\multlinegap=\skip50
\multlinetaggap=\skip51
\mathdisplay@stack=\toks23
LaTeX Info: Redefining \[ on input line 2859.
LaTeX Info: Redefining \] on input line 2860.
) (/usr/share/texlive/texmf-dist/tex/latex/graphics/graphics.sty
Package: graphics 2019/11/30 v1.4a Standard LaTeX Graphics (DPC,SPQR)
 (/usr/share/texlive/texmf-dist/tex/latex/graphics/trig.sty
Package: trig 2016/01/03 v1.10 sin cos tan (DPC)
) (/usr/share/texlive/texmf-dist/tex/latex/graphics-cfg/graphics.cfg
File: graphics.cfg 2016/06/04 v1.11 sample graphics configuration
)
Package graphics Info: Driver file: pdftex.def on input line 105.
 (/usr/share/texlive/texmf-dist/tex/latex/graphics-def/pdftex.def
File: pdftex.def 2018/01/08 v1.0l Graphics/color driver for pdftex
)) (/usr/share/texlive/texmf-dist/tex/latex/setspace/setspace.sty
Package: setspace 2011/12/19 v6.7a set line spacing
) (/usr/share/texlive/texmf-dist/tex/latex/tools/multicol.sty
Package: multicol 2019/12/09 v1.8y multicolumn formatting (FMi)
\c@tracingmulticols=\count192
\mult@box=\box47
\multicol@leftmargin=\dimen150
\c@unbalance=\count193
\c@collectmore=\count194
\doublecol@number=\count195
\multicoltolerance=\count196
\multicolpretolerance=\count197
\full@width=\dimen151
\page@free=\dimen152
\premulticols=\dimen153
\postmulticols=\dimen154
\multicolsep=\skip52
\multicolbaselineskip=\skip53
\partial@page=\box48
\last@line=\box49
\maxbalancingoverflow=\dimen155
\mult@rightbox=\box50
\mult@grightbox=\box51
\mult@gfirstbox=\box52
\mult@firstbox=\box53
\@tempa=\box54
\@tempa=\box55
\@tempa=\box56
\@tempa=\box57
\@tempa=\box58
\@tempa=\box59
\@tempa=\box60
\@tempa=\box61
\@tempa=\box62
\@tempa=\box63
\@tempa=\box64
\@tempa=\box65
\@tempa=\box66
\@tempa=\box67
\@tempa=\box68
\@tempa=\box69
\@tempa=\box70
\@tempa=\box71
\@tempa=\box72
\@tempa=\box73
\@tempa=\box74
\@tempa=\box75
\@tempa=\box76
\@tempa=\box77
\@tempa=\box78
\@tempa=\box79
\@tempa=\box80
\@tempa=\box81
\@tempa=\box82
\@tempa=\box83
\@tempa=\box84
\@tempa=\box85
\@tempa=\box86
\@tempa=\box87
\@tempa=\box88
\@tempa=\box89
\@tempa=\box90
\c@minrows=\count198
\c@columnbadness=\count199
\c@finalcolumnbadness=\count266
\last@try=\dimen156
\multicolovershoot=\dimen157
\multicolundershoot=\dimen158
\mult@nat@firstbox=\box91
\colbreak@box=\box92
\mc@col@check@num=\count267
) (/usr/share/texlive/texmf-dist/tex/latex/caption/subcaption.sty
Package: subcaption 2020/01/22 v1.3d Sub-captions (AR)
 (/usr/share/texlive/texmf-dist/tex/latex/caption/caption.sty
Package: caption 2020/01/03 v3.4h Customizing captions (AR)
 (/usr/share/texlive/texmf-dist/tex/latex/caption/caption3.sty
Package: caption3 2020/01/03 v1.8h caption3 kernel (AR)
Package caption3 Info: TeX engine: e-TeX on input line 61.
 (/usr/share/texlive/texmf-dist/tex/latex/graphics/keyval.sty
Package: keyval 2014/10/28 v1.15 key=value parser (DPC)
\KV@toks@=\toks24
)
\captionmargin=\dimen159
\captionmargin@=\dimen160
\captionwidth=\dimen161
\caption@tempdima=\dimen162
\caption@indent=\dimen163
\caption@parindent=\dimen164
\caption@hangindent=\dimen165
Package caption Info: Unknown document class (or package),
(caption)             standard defaults will be used.
Package caption Info: \@makecaption = \long macro:#1#2->\vskip \abovecaptionskip \sbox \@tempboxa {\captionfontsize #1\quad #2}\ifdim \wd \@tempboxa >\captiontextfraction \hsize \hbox to \hsize {\hfil \parbox {\captiontextfraction \hsize }{\captionfontsize #1\quad #2}\hfil }\else \global \@minipagefalse \hbox to \hsize {\hfil \box \@tempboxa \hfil }\fi \vskip \belowcaptionskip  on input line 1082.
)

Package caption Warning: Unknown document class (or package),
(caption)                standard defaults will be used.
See the caption package documentation for explanation.

\c@caption@flags=\count268
\c@continuedfloat=\count269
)
\c@subfigure=\count270
\c@subtable=\count271
) (/usr/share/texlive/texmf-dist/tex/latex/hyperref/hyperref.sty
Package: hyperref 2020/01/14 v7.00d Hypertext links for LaTeX
 (/usr/share/texlive/texmf-dist/tex/generic/ltxcmds/ltxcmds.sty
Package: ltxcmds 2019/12/15 v1.24 LaTeX kernel commands for general use (HO)
) (/usr/share/texlive/texmf-dist/tex/generic/iftex/iftex.sty
Package: iftex 2019/11/07 v1.0c TeX engine tests
) (/usr/share/texlive/texmf-dist/tex/latex/pdftexcmds/pdftexcmds.sty
Package: pdftexcmds 2019/11/24 v0.31 Utility functions of pdfTeX for LuaTeX (HO)
 (/usr/share/texlive/texmf-dist/tex/generic/infwarerr/infwarerr.sty
Package: infwarerr 2019/12/03 v1.5 Providing info/warning/error messages (HO)
)
Package pdftexcmds Info: \pdf@primitive is available.
Package pdftexcmds Info: \pdf@ifprimitive is available.
Package pdftexcmds Info: \pdfdraftmode found.
) (/usr/share/texlive/texmf-dist/tex/generic/kvsetkeys/kvsetkeys.sty
Package: kvsetkeys 2019/12/15 v1.18 Key value parser (HO)
) (/usr/share/texlive/texmf-dist/tex/generic/kvdefinekeys/kvdefinekeys.sty
Package: kvdefinekeys 2019-12-19 v1.6 Define keys (HO)
) (/usr/share/texlive/texmf-dist/tex/generic/pdfescape/pdfescape.sty
Package: pdfescape 2019/12/09 v1.15 Implements pdfTeX's escape features (HO)
) (/usr/share/texlive/texmf-dist/tex/latex/hycolor/hycolor.sty
Package: hycolor 2020-01-27 v1.10 Color options for hyperref/bookmark (HO)
) (/usr/share/texlive/texmf-dist/tex/latex/letltxmacro/letltxmacro.sty
Package: letltxmacro 2019/12/03 v1.6 Let assignment for LaTeX macros (HO)
) (/usr/share/texlive/texmf-dist/tex/latex/auxhook/auxhook.sty
Package: auxhook 2019-12-17 v1.6 Hooks for auxiliary files (HO)
) (/usr/share/texlive/texmf-dist/tex/latex/kvoptions/kvoptions.sty
Package: kvoptions 2019/11/29 v3.13 Key value format for package options (HO)
)
\@linkdim=\dimen166
\Hy@linkcounter=\count272
\Hy@pagecounter=\count273
 (/usr/share/texlive/texmf-dist/tex/latex/hyperref/pd1enc.def
File: pd1enc.def 2020/01/14 v7.00d Hyperref: PDFDocEncoding definition (HO)
Now handling font encoding PD1 ...
... no UTF-8 mapping file for font encoding PD1
) (/usr/share/texlive/texmf-dist/tex/generic/intcalc/intcalc.sty
Package: intcalc 2019/12/15 v1.3 Expandable calculations with integers (HO)
) (/usr/share/texlive/texmf-dist/tex/generic/etexcmds/etexcmds.sty
Package: etexcmds 2019/12/15 v1.7 Avoid name clashes with e-TeX commands (HO)
)
\Hy@SavedSpaceFactor=\count274
\pdfmajorversion=\count275
Package hyperref Info: Hyper figures OFF on input line 4547.
Package hyperref Info: Link nesting OFF on input line 4552.
Package hyperref Info: Hyper index ON on input line 4555.
Package hyperref Info: Plain pages OFF on input line 4562.
Package hyperref Info: Backreferencing OFF on input line 4567.
Package hyperref Info: Implicit mode ON; LaTeX internals redefined.
Package hyperref Info: Bookmarks ON on input line 4800.
\c@Hy@tempcnt=\count276
 (/usr/share/texlive/texmf-dist/tex/latex/url/url.sty
\Urlmuskip=\muskip17
Package: url 2013/09/16  ver 3.4  Verb mode for urls, etc.
)
LaTeX Info: Redefining \url on input line 5159.
\XeTeXLinkMargin=\dimen167
 (/usr/share/texlive/texmf-dist/tex/generic/bitset/bitset.sty
Package: bitset 2019/12/09 v1.3 Handle bit-vector datatype (HO)
 (/usr/share/texlive/texmf-dist/tex/generic/bigintcalc/bigintcalc.sty
Package: bigintcalc 2019/12/15 v1.5 Expandable calculations on big integers (HO)
))
\Fld@menulength=\count277
\Field@Width=\dimen168
\Fld@charsize=\dimen169
Package hyperref Info: Hyper figures OFF on input line 6430.
Package hyperref Info: Link nesting OFF on input line 6435.
Package hyperref Info: Hyper index ON on input line 6438.
Package hyperref Info: backreferencing OFF on input line 6445.
Package hyperref Info: Link coloring OFF on input line 6450.
Package hyperref Info: Link coloring with OCG OFF on input line 6455.
Package hyperref Info: PDF/A mode OFF on input line 6460.
LaTeX Info: Redefining \ref on input line 6500.
LaTeX Info: Redefining \pageref on input line 6504.
 (/usr/share/texlive/texmf-dist/tex/generic/atbegshi/atbegshi.sty
Package: atbegshi 2019/12/05 v1.19 At begin shipout hook (HO)
)
\Hy@abspage=\count278
\c@Item=\count279
\c@Hfootnote=\count280
)
Package hyperref Info: Driver (autodetected): hpdftex.
 (/usr/share/texlive/texmf-dist/tex/latex/hyperref/hpdftex.def
File: hpdftex.def 2020/01/14 v7.00d Hyperref driver for pdfTeX
 (/usr/share/texlive/texmf-dist/tex/latex/atveryend/atveryend.sty
Package: atveryend 2019-12-11 v1.11 Hooks at the very end of document (HO)
Package atveryend Info: \enddocument detected (standard20110627).
)
\Fld@listcount=\count281
\c@bookmark@seq@number=\count282
 (/usr/share/texlive/texmf-dist/tex/latex/rerunfilecheck/rerunfilecheck.sty
Package: rerunfilecheck 2019/12/05 v1.9 Rerun checks for auxiliary files (HO)
 (/usr/share/texlive/texmf-dist/tex/generic/uniquecounter/uniquecounter.sty
Package: uniquecounter 2019/12/15 v1.4 Provide unlimited unique counter (HO)
)
Package uniquecounter Info: New unique counter `rerunfilecheck' on input line 286.
)
\Hy@SectionHShift=\skip54
) (/usr/share/texlive/texmf-dist/tex/latex/graphics/epsfig.sty
Package: epsfig 2017/06/25 v1.7b (e)psfig emulation (SPQR)
 (/usr/share/texlive/texmf-dist/tex/latex/graphics/graphicx.sty
Package: graphicx 2019/11/30 v1.2a Enhanced LaTeX Graphics (DPC,SPQR)
\Gin@req@height=\dimen170
\Gin@req@width=\dimen171
)
\epsfxsize=\dimen172
\epsfysize=\dimen173
) (/usr/share/texlive/texmf-dist/tex/latex/graphics/color.sty
Package: color 2019/11/23 v1.2a Standard LaTeX Color (DPC)
 (/usr/share/texlive/texmf-dist/tex/latex/graphics-cfg/color.cfg
File: color.cfg 2016/01/02 v1.6 sample color configuration
)
Package color Info: Driver file: pdftex.def on input line 147.
) (/usr/share/texlive/texmf-dist/tex/latex/tcolorbox/tcolorbox.sty
Package: tcolorbox 2019/11/15 version 4.22 text color boxes
 (/usr/share/texlive/texmf-dist/tex/latex/pgf/basiclayer/pgf.sty (/usr/share/texlive/texmf-dist/tex/latex/pgf/utilities/pgfrcs.sty (/usr/share/texlive/texmf-dist/tex/generic/pgf/utilities/pgfutil-common.tex
\pgfutil@everybye=\toks25
\pgfutil@tempdima=\dimen174
\pgfutil@tempdimb=\dimen175
 (/usr/share/texlive/texmf-dist/tex/generic/pgf/utilities/pgfutil-common-lists.tex)) (/usr/share/texlive/texmf-dist/tex/generic/pgf/utilities/pgfutil-latex.def
\pgfutil@abb=\box93
 (/usr/share/texlive/texmf-dist/tex/latex/ms/everyshi.sty
Package: everyshi 2001/05/15 v3.00 EveryShipout Package (MS)
)) (/usr/share/texlive/texmf-dist/tex/generic/pgf/utilities/pgfrcs.code.tex (/usr/share/texlive/texmf-dist/tex/generic/pgf/pgf.revision.tex)
Package: pgfrcs 2020/01/08 v3.1.5b (3.1.5b)
))
Package: pgf 2020/01/08 v3.1.5b (3.1.5b)
 (/usr/share/texlive/texmf-dist/tex/latex/pgf/basiclayer/pgfcore.sty (/usr/share/texlive/texmf-dist/tex/latex/pgf/systemlayer/pgfsys.sty (/usr/share/texlive/texmf-dist/tex/generic/pgf/systemlayer/pgfsys.code.tex
Package: pgfsys 2020/01/08 v3.1.5b (3.1.5b)
 (/usr/share/texlive/texmf-dist/tex/generic/pgf/utilities/pgfkeys.code.tex
\pgfkeys@pathtoks=\toks26
\pgfkeys@temptoks=\toks27
 (/usr/share/texlive/texmf-dist/tex/generic/pgf/utilities/pgfkeysfiltered.code.tex
\pgfkeys@tmptoks=\toks28
))
\pgf@x=\dimen176
\pgf@y=\dimen177
\pgf@xa=\dimen178
\pgf@ya=\dimen179
\pgf@xb=\dimen180
\pgf@yb=\dimen181
\pgf@xc=\dimen182
\pgf@yc=\dimen183
\pgf@xd=\dimen184
\pgf@yd=\dimen185
\w@pgf@writea=\write3
\r@pgf@reada=\read2
\c@pgf@counta=\count283
\c@pgf@countb=\count284
\c@pgf@countc=\count285
\c@pgf@countd=\count286
\t@pgf@toka=\toks29
\t@pgf@tokb=\toks30
\t@pgf@tokc=\toks31
\pgf@sys@id@count=\count287
 (/usr/share/texlive/texmf-dist/tex/generic/pgf/systemlayer/pgf.cfg
File: pgf.cfg 2020/01/08 v3.1.5b (3.1.5b)
)
Driver file for pgf: pgfsys-pdftex.def
 (/usr/share/texlive/texmf-dist/tex/generic/pgf/systemlayer/pgfsys-pdftex.def
File: pgfsys-pdftex.def 2020/01/08 v3.1.5b (3.1.5b)
 (/usr/share/texlive/texmf-dist/tex/generic/pgf/systemlayer/pgfsys-common-pdf.def
File: pgfsys-common-pdf.def 2020/01/08 v3.1.5b (3.1.5b)
))) (/usr/share/texlive/texmf-dist/tex/generic/pgf/systemlayer/pgfsyssoftpath.code.tex
File: pgfsyssoftpath.code.tex 2020/01/08 v3.1.5b (3.1.5b)
\pgfsyssoftpath@smallbuffer@items=\count288
\pgfsyssoftpath@bigbuffer@items=\count289
) (/usr/share/texlive/texmf-dist/tex/generic/pgf/systemlayer/pgfsysprotocol.code.tex
File: pgfsysprotocol.code.tex 2020/01/08 v3.1.5b (3.1.5b)
)) (/usr/share/texlive/texmf-dist/tex/latex/xcolor/xcolor.sty
Package: xcolor 2016/05/11 v2.12 LaTeX color extensions (UK)
 (/usr/share/texlive/texmf-dist/tex/latex/graphics-cfg/color.cfg
File: color.cfg 2016/01/02 v1.6 sample color configuration
)
Package xcolor Info: Driver file: pdftex.def on input line 225.
LaTeX Info: Redefining \color on input line 709.
Package xcolor Info: Model `cmy' substituted by `cmy0' on input line 1348.
Package xcolor Info: Model `hsb' substituted by `rgb' on input line 1352.
Package xcolor Info: Model `RGB' extended on input line 1364.
Package xcolor Info: Model `HTML' substituted by `rgb' on input line 1366.
Package xcolor Info: Model `Hsb' substituted by `hsb' on input line 1367.
Package xcolor Info: Model `tHsb' substituted by `hsb' on input line 1368.
Package xcolor Info: Model `HSB' substituted by `hsb' on input line 1369.
Package xcolor Info: Model `Gray' substituted by `gray' on input line 1370.
Package xcolor Info: Model `wave' substituted by `hsb' on input line 1371.
) (/usr/share/texlive/texmf-dist/tex/generic/pgf/basiclayer/pgfcore.code.tex
Package: pgfcore 2020/01/08 v3.1.5b (3.1.5b)
 (/usr/share/texlive/texmf-dist/tex/generic/pgf/math/pgfmath.code.tex (/usr/share/texlive/texmf-dist/tex/generic/pgf/math/pgfmathcalc.code.tex (/usr/share/texlive/texmf-dist/tex/generic/pgf/math/pgfmathutil.code.tex) (/usr/share/texlive/texmf-dist/tex/generic/pgf/math/pgfmathparser.code.tex
\pgfmath@dimen=\dimen186
\pgfmath@count=\count290
\pgfmath@box=\box94
\pgfmath@toks=\toks32
\pgfmath@stack@operand=\toks33
\pgfmath@stack@operation=\toks34
) (/usr/share/texlive/texmf-dist/tex/generic/pgf/math/pgfmathfunctions.code.tex (/usr/share/texlive/texmf-dist/tex/generic/pgf/math/pgfmathfunctions.basic.code.tex) (/usr/share/texlive/texmf-dist/tex/generic/pgf/math/pgfmathfunctions.trigonometric.code.tex) (/usr/share/texlive/texmf-dist/tex/generic/pgf/math/pgfmathfunctions.random.code.tex) (/usr/share/texlive/texmf-dist/tex/generic/pgf/math/pgfmathfunctions.comparison.code.tex) (/usr/share/texlive/texmf-dist/tex/generic/pgf/math/pgfmathfunctions.base.code.tex) (/usr/share/texlive/texmf-dist/tex/generic/pgf/math/pgfmathfunctions.round.code.tex) (/usr/share/texlive/texmf-dist/tex/generic/pgf/math/pgfmathfunctions.misc.code.tex) (/usr/share/texlive/texmf-dist/tex/generic/pgf/math/pgfmathfunctions.integerarithmetics.code.tex))) (/usr/share/texlive/texmf-dist/tex/generic/pgf/math/pgfmathfloat.code.tex
\c@pgfmathroundto@lastzeros=\count291
)) (/usr/share/texlive/texmf-dist/tex/generic/pgf/math/pgfint.code.tex) (/usr/share/texlive/texmf-dist/tex/generic/pgf/basiclayer/pgfcorepoints.code.tex
File: pgfcorepoints.code.tex 2020/01/08 v3.1.5b (3.1.5b)
\pgf@picminx=\dimen187
\pgf@picmaxx=\dimen188
\pgf@picminy=\dimen189
\pgf@picmaxy=\dimen190
\pgf@pathminx=\dimen191
\pgf@pathmaxx=\dimen192
\pgf@pathminy=\dimen193
\pgf@pathmaxy=\dimen194
\pgf@xx=\dimen195
\pgf@xy=\dimen196
\pgf@yx=\dimen197
\pgf@yy=\dimen198
\pgf@zx=\dimen199
\pgf@zy=\dimen256
) (/usr/share/texlive/texmf-dist/tex/generic/pgf/basiclayer/pgfcorepathconstruct.code.tex
File: pgfcorepathconstruct.code.tex 2020/01/08 v3.1.5b (3.1.5b)
\pgf@path@lastx=\dimen257
\pgf@path@lasty=\dimen258
) (/usr/share/texlive/texmf-dist/tex/generic/pgf/basiclayer/pgfcorepathusage.code.tex
File: pgfcorepathusage.code.tex 2020/01/08 v3.1.5b (3.1.5b)
\pgf@shorten@end@additional=\dimen259
\pgf@shorten@start@additional=\dimen260
) (/usr/share/texlive/texmf-dist/tex/generic/pgf/basiclayer/pgfcorescopes.code.tex
File: pgfcorescopes.code.tex 2020/01/08 v3.1.5b (3.1.5b)
\pgfpic=\box95
\pgf@hbox=\box96
\pgf@layerbox@main=\box97
\pgf@picture@serial@count=\count292
) (/usr/share/texlive/texmf-dist/tex/generic/pgf/basiclayer/pgfcoregraphicstate.code.tex
File: pgfcoregraphicstate.code.tex 2020/01/08 v3.1.5b (3.1.5b)
\pgflinewidth=\dimen261
) (/usr/share/texlive/texmf-dist/tex/generic/pgf/basiclayer/pgfcoretransformations.code.tex
File: pgfcoretransformations.code.tex 2020/01/08 v3.1.5b (3.1.5b)
\pgf@pt@x=\dimen262
\pgf@pt@y=\dimen263
\pgf@pt@temp=\dimen264
) (/usr/share/texlive/texmf-dist/tex/generic/pgf/basiclayer/pgfcorequick.code.tex
File: pgfcorequick.code.tex 2020/01/08 v3.1.5b (3.1.5b)
) (/usr/share/texlive/texmf-dist/tex/generic/pgf/basiclayer/pgfcoreobjects.code.tex
File: pgfcoreobjects.code.tex 2020/01/08 v3.1.5b (3.1.5b)
) (/usr/share/texlive/texmf-dist/tex/generic/pgf/basiclayer/pgfcorepathprocessing.code.tex
File: pgfcorepathprocessing.code.tex 2020/01/08 v3.1.5b (3.1.5b)
) (/usr/share/texlive/texmf-dist/tex/generic/pgf/basiclayer/pgfcorearrows.code.tex
File: pgfcorearrows.code.tex 2020/01/08 v3.1.5b (3.1.5b)
\pgfarrowsep=\dimen265
) (/usr/share/texlive/texmf-dist/tex/generic/pgf/basiclayer/pgfcoreshade.code.tex
File: pgfcoreshade.code.tex 2020/01/08 v3.1.5b (3.1.5b)
\pgf@max=\dimen266
\pgf@sys@shading@range@num=\count293
\pgf@shadingcount=\count294
) (/usr/share/texlive/texmf-dist/tex/generic/pgf/basiclayer/pgfcoreimage.code.tex
File: pgfcoreimage.code.tex 2020/01/08 v3.1.5b (3.1.5b)
 (/usr/share/texlive/texmf-dist/tex/generic/pgf/basiclayer/pgfcoreexternal.code.tex
File: pgfcoreexternal.code.tex 2020/01/08 v3.1.5b (3.1.5b)
\pgfexternal@startupbox=\box98
)) (/usr/share/texlive/texmf-dist/tex/generic/pgf/basiclayer/pgfcorelayers.code.tex
File: pgfcorelayers.code.tex 2020/01/08 v3.1.5b (3.1.5b)
) (/usr/share/texlive/texmf-dist/tex/generic/pgf/basiclayer/pgfcoretransparency.code.tex
File: pgfcoretransparency.code.tex 2020/01/08 v3.1.5b (3.1.5b)
) (/usr/share/texlive/texmf-dist/tex/generic/pgf/basiclayer/pgfcorepatterns.code.tex
File: pgfcorepatterns.code.tex 2020/01/08 v3.1.5b (3.1.5b)
) (/usr/share/texlive/texmf-dist/tex/generic/pgf/basiclayer/pgfcorerdf.code.tex
File: pgfcorerdf.code.tex 2020/01/08 v3.1.5b (3.1.5b)
))) (/usr/share/texlive/texmf-dist/tex/generic/pgf/modules/pgfmoduleshapes.code.tex
File: pgfmoduleshapes.code.tex 2020/01/08 v3.1.5b (3.1.5b)
\pgfnodeparttextbox=\box99
) (/usr/share/texlive/texmf-dist/tex/generic/pgf/modules/pgfmoduleplot.code.tex
File: pgfmoduleplot.code.tex 2020/01/08 v3.1.5b (3.1.5b)
) (/usr/share/texlive/texmf-dist/tex/latex/pgf/compatibility/pgfcomp-version-0-65.sty
Package: pgfcomp-version-0-65 2020/01/08 v3.1.5b (3.1.5b)
\pgf@nodesepstart=\dimen267
\pgf@nodesepend=\dimen268
) (/usr/share/texlive/texmf-dist/tex/latex/pgf/compatibility/pgfcomp-version-1-18.sty
Package: pgfcomp-version-1-18 2020/01/08 v3.1.5b (3.1.5b)
)) (/usr/share/texlive/texmf-dist/tex/latex/tools/verbatim.sty
Package: verbatim 2019/11/10 v1.5r LaTeX2e package for verbatim enhancements
\every@verbatim=\toks35
\verbatim@line=\toks36
\verbatim@in@stream=\read3
) (/usr/share/texlive/texmf-dist/tex/latex/environ/environ.sty
Package: environ 2014/05/04 v0.3 A new way to define environments
 (/usr/share/texlive/texmf-dist/tex/latex/trimspaces/trimspaces.sty
Package: trimspaces 2009/09/17 v1.1 Trim spaces around a token list
)) (/usr/share/texlive/texmf-dist/tex/latex/etoolbox/etoolbox.sty
Package: etoolbox 2019/09/21 v2.5h e-TeX tools for LaTeX (JAW)
\etb@tempcnta=\count295
)
\tcb@titlebox=\box100
\tcb@upperbox=\box101
\tcb@lowerbox=\box102
\tcb@phantombox=\box103
\c@tcbbreakpart=\count296
\c@tcblayer=\count297
\tcolorbox@number=\count298
\tcb@temp=\box104
\tcb@temp=\box105
\tcb@temp=\box106
\tcb@temp=\box107
\tcb@out=\write4
\tcb@record@out=\write5
) (/usr/share/texlive/texmf-dist/tex/latex/minted/minted.sty
Package: minted 2017/07/19 v2.5 Yet another Pygments shim for LaTeX
 (/usr/share/texlive/texmf-dist/tex/latex/fvextra/fvextra.sty
Package: fvextra 2019/02/04 v1.4 fvextra - extensions and patches for fancyvrb
 (/usr/share/texlive/texmf-dist/tex/latex/base/ifthen.sty
Package: ifthen 2014/09/29 v1.1c Standard LaTeX ifthen package (DPC)
) (/usr/share/texlive/texmf-dist/tex/latex/fancyvrb/fancyvrb.sty
Package: fancyvrb 2020/01/13 v3.5 verbatim text (tvz,hv)
\FV@CodeLineNo=\count299
\FV@InFile=\read4
\FV@TabBox=\box108
\c@FancyVerbLine=\count300
\FV@StepNumber=\count301
\FV@OutFile=\write6
) (/usr/share/texlive/texmf-dist/tex/latex/upquote/upquote.sty
Package: upquote 2012/04/19 v1.3 upright-quote and grave-accent glyphs in verbatim
) (/usr/share/texlive/texmf-dist/tex/latex/lineno/lineno.sty
Package: lineno 2005/11/02 line numbers on paragraphs v4.41
\linenopenalty=\count302
\output=\toks37
\linenoprevgraf=\count303
\linenumbersep=\dimen269
\linenumberwidth=\dimen270
\c@linenumber=\count304
\c@pagewiselinenumber=\count305
\c@LN@truepage=\count306
\c@internallinenumber=\count307
\c@internallinenumbers=\count308
\quotelinenumbersep=\dimen271
\bframerule=\dimen272
\bframesep=\dimen273
\bframebox=\box109
LaTeX Info: Redefining \\ on input line 3056.
)
\c@FV@TrueTabGroupLevel=\count309
\c@FV@TrueTabCounter=\count310
\FV@TabBox@Group=\box110
\FV@TmpLength=\skip55
\c@FV@HighlightLinesStart=\count311
\c@FV@HighlightLinesStop=\count312
\FV@LoopCount=\count313
\FV@NCharsBox=\box111
\FV@BreakIndent=\dimen274
\FV@BreakIndentNChars=\count314
\FV@BreakSymbolSepLeft=\dimen275
\FV@BreakSymbolSepLeftNChars=\count315
\FV@BreakSymbolSepRight=\dimen276
\FV@BreakSymbolSepRightNChars=\count316
\FV@BreakSymbolIndentLeft=\dimen277
\FV@BreakSymbolIndentLeftNChars=\count317
\FV@BreakSymbolIndentRight=\dimen278
\FV@BreakSymbolIndentRightNChars=\count318
\c@FancyVerbLineBreakLast=\count319
\FV@LineBox=\box112
\FV@LineIndentBox=\box113
\FV@LineWidth=\dimen279
) (/usr/share/texlive/texmf-dist/tex/latex/tools/calc.sty
Package: calc 2017/05/25 v4.3 Infix arithmetic (KKT,FJ)
\calc@Acount=\count320
\calc@Bcount=\count321
\calc@Adimen=\dimen280
\calc@Bdimen=\dimen281
\calc@Askip=\skip56
\calc@Bskip=\skip57
LaTeX Info: Redefining \setlength on input line 80.
LaTeX Info: Redefining \addtolength on input line 81.
\calc@Ccount=\count322
\calc@Cskip=\skip58
) (/usr/share/texlive/texmf-dist/tex/latex/tools/shellesc.sty
Package: shellesc 2019/11/08 v1.0c unified shell escape interface for LaTeX
Package shellesc Info: Unrestricted shell escape enabled on input line 75.
) (/usr/share/texlive/texmf-dist/tex/latex/ifplatform/ifplatform.sty
Package: ifplatform 2017/10/13 v0.4a Testing for the operating system
 (/usr/share/texlive/texmf-dist/tex/generic/catchfile/catchfile.sty
Package: catchfile 2019/12/09 v1.8 Catch the contents of a file (HO)
) (/usr/share/texlive/texmf-dist/tex/generic/iftex/ifluatex.sty
Package: ifluatex 2019/10/25 v1.5 ifluatex legacy package. Use iftex instead.
)
runsystem(uname -s > "btp_report.w18")...executed.

 (./btp_report.w18)
runsystem(rm -- "btp_report.w18")...executed.

) (/usr/share/texlive/texmf-dist/tex/generic/xstring/xstring.sty (/usr/share/texlive/texmf-dist/tex/generic/xstring/xstring.tex
\integerpart=\count323
\decimalpart=\count324
)
Package: xstring 2019/02/06 v1.83 String manipulations (CT)
) (/usr/share/texlive/texmf-dist/tex/latex/framed/framed.sty
Package: framed 2011/10/22 v 0.96: framed or shaded text with page breaks
\OuterFrameSep=\skip59
\fb@frw=\dimen282
\fb@frh=\dimen283
\FrameRule=\dimen284
\FrameSep=\dimen285
) (/usr/share/texlive/texmf-dist/tex/latex/float/float.sty
Package: float 2001/11/08 v1.3d Float enhancements (AL)
\c@float@type=\count325
\float@exts=\toks38
\float@box=\box114
\@float@everytoks=\toks39
\@floatcapt=\box115
)
\minted@appexistsfile=\read5
\minted@bgbox=\box116
\minted@code=\write7
\c@minted@FancyVerbLineTemp=\count326
\c@minted@pygmentizecounter=\count327
\@float@every@listing=\toks40
\c@listing=\count328
)
runsystem(mkdir -p _minted-btp_report)...executed.

runsystem(which pygmentize && touch btp_report.aex)...executed.

runsystem(rm btp_report.aex)...executed.

 (/usr/share/texlive/texmf-dist/tex/latex/l3backend/l3backend-pdfmode.def
File: l3backend-pdfmode.def 2020-02-03 L3 backend support: PDF mode
\l__kernel_color_stack_int=\count329
\l__pdf_internal_box=\box117
) (./btp_report.aux (./title.aux) (./certificate.aux) (./acknowledgement.aux) (./chapterTigSpec.aux) (./chapterClass.aux) (./chapter0.aux) (./chapter1.aux) (./chapter2.aux) (./chapter3.aux) (./chapter4.aux) (./chapter5.aux))
\openout1 = `btp_report.aux'.

LaTeX Font Info:    Checking defaults for OML/cmm/m/it on input line 60.
LaTeX Font Info:    ... okay on input line 60.
LaTeX Font Info:    Checking defaults for OMS/cmsy/m/n on input line 60.
LaTeX Font Info:    ... okay on input line 60.
LaTeX Font Info:    Checking defaults for OT1/cmr/m/n on input line 60.
LaTeX Font Info:    ... okay on input line 60.
LaTeX Font Info:    Checking defaults for T1/cmr/m/n on input line 60.
LaTeX Font Info:    ... okay on input line 60.
LaTeX Font Info:    Checking defaults for TS1/cmr/m/n on input line 60.
LaTeX Font Info:    ... okay on input line 60.
LaTeX Font Info:    Checking defaults for OMX/cmex/m/n on input line 60.
LaTeX Font Info:    ... okay on input line 60.
LaTeX Font Info:    Checking defaults for U/cmr/m/n on input line 60.
LaTeX Font Info:    ... okay on input line 60.
LaTeX Font Info:    Checking defaults for PD1/pdf/m/n on input line 60.
LaTeX Font Info:    ... okay on input line 60.
 (/usr/share/texlive/texmf-dist/tex/context/base/mkii/supp-pdf.mkii
[Loading MPS to PDF converter (version 2006.09.02).]
\scratchcounter=\count330
\scratchdimen=\dimen286
\scratchbox=\box118
\nofMPsegments=\count331
\nofMParguments=\count332
\everyMPshowfont=\toks41
\MPscratchCnt=\count333
\MPscratchDim=\dimen287
\MPnumerator=\count334
\makeMPintoPDFobject=\count335
\everyMPtoPDFconversion=\toks42
) (/usr/share/texlive/texmf-dist/tex/latex/epstopdf-pkg/epstopdf-base.sty
Package: epstopdf-base 2020-01-24 v2.11 Base part for package epstopdf
Package epstopdf-base Info: Redefining graphics rule for `.eps' on input line 485.
 (/usr/share/texlive/texmf-dist/tex/latex/latexconfig/epstopdf-sys.cfg
File: epstopdf-sys.cfg 2010/07/13 v1.3 Configuration of (r)epstopdf for TeX Live
))
Package caption Info: Begin \AtBeginDocument code.
Package caption Info: float package is loaded.
Package caption Info: hyperref package is loaded.
Package caption Info: End \AtBeginDocument code.
\AtBeginShipoutBox=\box119
Package hyperref Info: Link coloring OFF on input line 60.
 (/usr/share/texlive/texmf-dist/tex/latex/hyperref/nameref.sty
Package: nameref 2019/09/16 v2.46 Cross-referencing by name of section
 (/usr/share/texlive/texmf-dist/tex/latex/refcount/refcount.sty
Package: refcount 2019/12/15 v3.6 Data extraction from label references (HO)
) (/usr/share/texlive/texmf-dist/tex/generic/gettitlestring/gettitlestring.sty
Package: gettitlestring 2019/12/15 v1.6 Cleanup title references (HO)
)
\c@section@level=\count336
)
LaTeX Info: Redefining \ref on input line 60.
LaTeX Info: Redefining \pageref on input line 60.
LaTeX Info: Redefining \nameref on input line 60.
 (./btp_report.out) (./btp_report.out)
\@outlinefile=\write8
\openout8 = `btp_report.out'.

 ABD: EveryShipout initializing macros
\openout2 = `title.aux'.

 (./title.tex
<IITPkdFullLogoColor.pdf, id=280, 270.00874pt x 264.99pt>
File: IITPkdFullLogoColor.pdf Graphic file (type pdf)
<use IITPkdFullLogoColor.pdf>
Package pdftex.def Info: IITPkdFullLogoColor.pdf  used on input line 19.
(pdftex.def)             Requested size: 135.50073pt x 132.98392pt.
 [1


{/var/lib/texmf/fonts/map/pdftex/updmap/pdftex.map} <./IITPkdFullLogoColor.pdf>])
\openout2 = `certificate.aux'.

 (./certificate.tex) [1



]
\openout2 = `acknowledgement.aux'.

 (./acknowledgement.tex) [2



] (./btp_report.toc [3


] [4]
\openout7 = `btp_report.pyg'.

 (./_minted-btp_report/default-pyg-prefix.pygstyle) (./_minted-btp_report/default.pygstyle) (./_minted-btp_report/72AB237210D032602BDA88DCB4B845CAC10BE7C546AB936BC0B71780EEC7C66C.pygtex)
\openout7 = `btp_report.pyg'.

 (./_minted-btp_report/A3C79C18AA3B76035AA401F9278A009DC10BE7C546AB936BC0B71780EEC7C66C.pygtex))
\tf@toc=\write9
\openout9 = `btp_report.toc'.

 [5] [6

] (./btp_report.lof [7

])
\tf@lof=\write10
\openout10 = `btp_report.lof'.



pdfTeX warning (ext4): destination with the same identifier (name{page.1}) has been already used, duplicate ignored
<to be read again> 
                   \relax 
l.85 \include{chapterTigSpec}
                              [1]
\openout2 = `chapterTigSpec.aux'.

 (./chapterTigSpec.tex
Chapter 1.
LaTeX Font Info:    Trying to load font information for OMS+cmr on input line 24.
(/usr/share/texlive/texmf-dist/tex/latex/base/omscmr.fd
File: omscmr.fd 2019/12/16 v2.5j Standard LaTeX font definitions
)
LaTeX Font Info:    Font shape `OMS/cmr/m/it' in size <12> not available
(Font)              Font shape `OMS/cmsy/m/n' tried instead on input line 24.
 [2


]
<assets/lastphase/TigerObjectWithoutMI2-min.png, id=485, 1364.09625pt x 787.94376pt>
File: assets/lastphase/TigerObjectWithoutMI2-min.png Graphic file (type png)
<use assets/lastphase/TigerObjectWithoutMI2-min.png>
Package pdftex.def Info: assets/lastphase/TigerObjectWithoutMI2-min.png  used on input line 42.
(pdftex.def)             Requested size: 370.0177pt x 213.73354pt.
 [3 <./assets/lastphase/TigerObjectWithoutMI2-min.png>] [4]
<assets/flags-min.png, id=499, 1499.6025pt x 32.12pt>
File: assets/flags-min.png Graphic file (type png)
<use assets/flags-min.png>
Package pdftex.def Info: assets/flags-min.png  used on input line 75.
(pdftex.def)             Requested size: 462.51512pt x 9.9066pt.

Overfull \hbox (5.09756pt too wide) in paragraph at lines 82--83
\OT1/cmr/m/n/12 sim-ply com-pile the file us-ing the com-mand (in sml), \OT1/cmtt/m/n/12 Main.compile(FilePath, Arguments)\OT1/cmr/m/n/12 .
 []


Overfull \hbox (0.67253pt too wide) in paragraph at lines 84--85
[]\OT1/cmr/m/n/12 One can now run the com-piled RISC V code us-ing []RARS[] like \OT1/cmtt/m/n/12 java -jar rars1[]3[]1.jar
 []

) [5 <./assets/flags-min.png>] [6


]

\openout2 = `chapterClass.aux'.

(./chapterClass.tex
Chapter 2.
[7


]
<../sem8_presentation2/singleInheritance.png, id=519, 421.575pt x 423.5825pt>
File: ../sem8_presentation2/singleInheritance.png Graphic file (type png)
<use ../sem8_presentation2/singleInheritance.png>
Package pdftex.def Info: ../sem8_presentation2/singleInheritance.png  used on input line 17.
(pdftex.def)             Requested size: 231.2687pt x 232.37pt.
<../sem8_presentation2/SIV.png, id=521, 521.95pt x 313.17pt>
File: ../sem8_presentation2/SIV.png Graphic file (type png)
<use ../sem8_presentation2/SIV.png>
Package pdftex.def Info: ../sem8_presentation2/SIV.png  used on input line 24.
(pdftex.def)             Requested size: 231.26749pt x 138.76048pt.
 [8 <../sem8_presentation2/singleInheritance.png> <../sem8_presentation2/SIV.png>]
<../sem8_presentation2/MI.png, id=532, 475.7775pt x 425.59pt>
File: ../sem8_presentation2/MI.png Graphic file (type png)
<use ../sem8_presentation2/MI.png>
Package pdftex.def Info: ../sem8_presentation2/MI.png  used on input line 39.
(pdftex.def)             Requested size: 231.26724pt x 206.87196pt.
<../sem8_presentation2/MI2.png, id=533, 522.95375pt x 368.37625pt>
File: ../sem8_presentation2/MI2.png Graphic file (type png)
<use ../sem8_presentation2/MI2.png>
Package pdftex.def Info: ../sem8_presentation2/MI2.png  used on input line 46.
(pdftex.def)             Requested size: 231.26538pt x 162.9067pt.
<../sem8_presentation2/MI3.png, id=534, 816.04875pt x 509.905pt>
File: ../sem8_presentation2/MI3.png Graphic file (type png)
<use ../sem8_presentation2/MI3.png>
Package pdftex.def Info: ../sem8_presentation2/MI3.png  used on input line 53.
(pdftex.def)             Requested size: 231.25641pt x 144.4997pt.
 [9 <../sem8_presentation2/MI.png>] [10 <../sem8_presentation2/MI2.png> <../sem8_presentation2/MI3.png>]) [11] [12


]

\openout2 = `chapter0.aux'.

(./chapter0.tex
Chapter 3.
<assets/lexError-min.png, id=559, 1278.7775pt x 760.8425pt>
File: assets/lexError-min.png Graphic file (type png)
<use assets/lexError-min.png>
Package pdftex.def Info: assets/lexError-min.png  used on input line 11.
(pdftex.def)             Requested size: 370.01645pt x 220.15108pt.
<assets/lexError3-min.png, id=560, 1589.94pt x 104.39pt>
File: assets/lexError3-min.png Graphic file (type png)
<use assets/lexError3-min.png>
Package pdftex.def Info: assets/lexError3-min.png  used on input line 17.
(pdftex.def)             Requested size: 370.02113pt x 24.29431pt.
<assets/makeS-min.png, id=562, 620.3175pt x 233.87375pt>
File: assets/makeS-min.png Graphic file (type png)
<use assets/makeS-min.png>
Package pdftex.def Info: assets/makeS-min.png  used on input line 28.
(pdftex.def)             Requested size: 370.01636pt x 139.50453pt.
<assets/tiger-min.png, id=564, 430.60875pt x 397.485pt>
File: assets/tiger-min.png Graphic file (type png)
<use assets/tiger-min.png>
Package pdftex.def Info: assets/tiger-min.png  used on input line 39.
(pdftex.def)             Requested size: 370.03375pt x 341.56963pt.
[13


] [14 <./assets/lexError-min.png> <./assets/lexError3-min.png> <./assets/makeS-min.png>]
<assets/ir-min.png, id=578, 712.6625pt x 811.03pt>
File: assets/ir-min.png Graphic file (type png)
<use assets/ir-min.png>
Package pdftex.def Info: assets/ir-min.png  used on input line 50.
(pdftex.def)             Requested size: 370.02116pt x 421.09451pt.
<assets/ba-min.png, id=579, 475.7775pt x 756.8275pt>
File: assets/ba-min.png Graphic file (type png)
<use assets/ba-min.png>
Package pdftex.def Info: assets/ba-min.png  used on input line 58.
(pdftex.def)             Requested size: 326.13066pt x 518.78171pt.
 [15 <./assets/tiger-min.png>] [16 <./assets/ir-min.png>] [17 <./assets/ba-min.png>]
<assets/stringC-min.png, id=597, 1834.855pt x 878.28125pt>
File: assets/stringC-min.png Graphic file (type png)
<use assets/stringC-min.png>
Package pdftex.def Info: assets/stringC-min.png  used on input line 79.
(pdftex.def)             Requested size: 370.01624pt x 177.11389pt.
 [18 <./assets/stringC-min.png>] [19] [20]
<assets/rphi1-min.png, id=614, 293.095pt x 871.255pt>
File: assets/rphi1-min.png Graphic file (type png)
<use assets/rphi1-min.png>
Package pdftex.def Info: assets/rphi1-min.png  used on input line 118.
(pdftex.def)             Requested size: 174.51666pt x 518.76877pt.
<assets/rphi2-min.png, id=615, 1180.41pt x 547.04375pt>
File: assets/rphi2-min.png Graphic file (type png)
<use assets/rphi2-min.png>
Package pdftex.def Info: assets/rphi2-min.png  used on input line 125.
(pdftex.def)             Requested size: 370.01195pt x 171.47662pt.
 [21] [22 <./assets/rphi1-min.png>]
<assets/mistake1-min.png, id=627, 1619.04875pt x 294.09875pt>
File: assets/mistake1-min.png Graphic file (type png)
<use assets/mistake1-min.png>
Package pdftex.def Info: assets/mistake1-min.png  used on input line 140.
(pdftex.def)             Requested size: 370.02644pt x 67.21497pt.
 [23 <./assets/rphi2-min.png> <./assets/mistake1-min.png>]
<assets/culprit-min.png, id=636, 1846.9pt x 717.68124pt>
File: assets/culprit-min.png Graphic file (type png)
<use assets/culprit-min.png>
Package pdftex.def Info: assets/culprit-min.png  used on input line 151.
(pdftex.def)             Requested size: 370.02164pt x 143.78557pt.

Overfull \hbox (4.7427pt too wide) in paragraph at lines 166--167
[]\OT1/cmr/m/n/12 This sparked changes in \OT1/cmtt/m/n/12 riscframe.sml\OT1/cmr/m/n/12 , \OT1/cmtt/m/n/12 semant.sml\OT1/cmr/m/n/12 , \OT1/cmtt/m/n/12 translate.sml\OT1/cmr/m/n/12 , \OT1/cmtt/m/n/12 tree.sml
 []

[24 <./assets/culprit-min.png>] [25]
<assets/ft1-min.png, id=658, 1203.49625pt x 579.16376pt>
File: assets/ft1-min.png Graphic file (type png)
<use assets/ft1-min.png>
Package pdftex.def Info: assets/ft1-min.png  used on input line 182.
(pdftex.def)             Requested size: 370.01321pt x 178.06306pt.
<assets/ft2-min.png, id=659, 1832.8475pt x 925.4575pt>
File: assets/ft2-min.png Graphic file (type png)
<use assets/ft2-min.png>
Package pdftex.def Info: assets/ft2-min.png  used on input line 190.
(pdftex.def)             Requested size: 370.00294pt x 186.82513pt.
) [26 <./assets/ft1-min.png>] [27 <./assets/ft2-min.png>] [28


]

\openout2 = `chapter1.aux'.

(./chapter1.tex
Chapter 4.
<assets/lexError.png, id=680, 1278.7775pt x 760.8425pt>
File: assets/lexError.png Graphic file (type png)
<use assets/lexError.png>
Package pdftex.def Info: assets/lexError.png  used on input line 17.
(pdftex.def)             Requested size: 370.01645pt x 220.15108pt.
[29


]
<assets/tigercompiler.png, id=693, 1822.81pt x 675.52374pt>
File: assets/tigercompiler.png Graphic file (type png)
<use assets/tigercompiler.png>
Package pdftex.def Info: assets/tigercompiler.png  used on input line 24.
(pdftex.def)             Requested size: 370.00705pt x 137.12265pt.
<assets/travis.png, id=698, 1422.31375pt x 908.39375pt>
File: assets/travis.png Graphic file (type png)
<use assets/travis.png>
Package pdftex.def Info: assets/travis.png  used on input line 31.
(pdftex.def)             Requested size: 370.00989pt x 236.31541pt.
<assets/funargs.png, id=703, 1770.615pt x 504.88625pt>
File: assets/funargs.png Graphic file (type png)
<use assets/funargs.png>
Package pdftex.def Info: assets/funargs.png  used on input line 38.
(pdftex.def)             Requested size: 370.00294pt x 105.50536pt.
<assets/gitfunargs.png, id=704, 1737.49126pt x 609.27625pt>
File: assets/gitfunargs.png Graphic file (type png)
<use assets/gitfunargs.png>
Package pdftex.def Info: assets/gitfunargs.png  used on input line 44.
(pdftex.def)             Requested size: 370.02725pt x 129.75536pt.
 [30 <./assets/lexError.png> <./assets/tigercompiler.png>]
<assets/shiftoperations.png, id=714, 1243.64626pt x 529.98pt>
File: assets/shiftoperations.png Graphic file (type png)
<use assets/shiftoperations.png>
Package pdftex.def Info: assets/shiftoperations.png  used on input line 51.
(pdftex.def)             Requested size: 370.02257pt x 157.68515pt.
<assets/mulopt1.png, id=717, 1200.485pt x 480.79625pt>
File: assets/mulopt1.png Graphic file (type png)
<use assets/mulopt1.png>
Package pdftex.def Info: assets/mulopt1.png  used on input line 61.
(pdftex.def)             Requested size: 370.02164pt x 148.19427pt.
<assets/mulopt2.png, id=718, 498.86375pt x 309.155pt>
File: assets/mulopt2.png Graphic file (type png)
<use assets/mulopt2.png>
Package pdftex.def Info: assets/mulopt2.png  used on input line 68.
(pdftex.def)             Requested size: 259.02243pt x 160.52094pt.
 [31 <./assets/travis.png> <./assets/funargs.png>] [32 <./assets/gitfunargs.png> <./assets/shiftoperations.png>] [33 <./assets/mulopt1.png> <./assets/mulopt2.png>] [34]) [35] [36


]

\openout2 = `chapter2.aux'.

(./chapter2.tex
Chapter 5.
\openout6 = `btp_report.pyg'.

(./_minted-btp_report/F61682FE093585806A83CE5DB3D8397F014A7D30D01DDB64A90DC94FEB868415.pygtex [37


])
LaTeX Font Info:    Trying to load font information for TS1+cmtt on input line 32.
 (/usr/share/texlive/texmf-dist/tex/latex/base/ts1cmtt.fd
File: ts1cmtt.fd 2019/12/16 v2.5j Standard LaTeX font definitions
)
\openout6 = `btp_report.pyg'.

 (./_minted-btp_report/B4EE3A6A28D3EB4C247B3B0B9BEE59A7451D2C37E6E6572707A63A6EB4EF9017.pygtex [38])
\openout6 = `btp_report.pyg'.

 (./_minted-btp_report/FE1A1C8BA52DE7D928E0FEAD30F487F9451D2C37E6E6572707A63A6EB4EF9017.pygtex [39])
\openout6 = `btp_report.pyg'.

 (./_minted-btp_report/12279EE33678E256D8E7B9B301CDC959451D2C37E6E6572707A63A6EB4EF9017.pygtex [40]) [41]) [42]

\openout2 = `chapter3.aux'.

(./chapter3.tex
Chapter 6.
[43




]
Overfull \hbox (9.82597pt too wide) in paragraph at lines 15--16
[]\OT1/cmr/m/n/12 Besides er-rors en-coun-tered in lex-i-cal anal-y-sis phase, they'll be printed us-ing \OT1/cmtt/m/n/12 errormsg.sml
 []

\openout6 = `btp_report.pyg'.

(./_minted-btp_report/8153C08BA82A1B3DB57BB7409ACA8F9BA508512970308FA877B480F3970C5615.pygtex
LaTeX Font Info:    Font shape `OT1/cmtt/bx/n' in size <12> not available
(Font)              Font shape `OT1/cmtt/m/n' tried instead on input line 4.
 [44]) [45]
\openout6 = `btp_report.pyg'.

 (./_minted-btp_report/74C6093B0306348971593F5BFBB76B4785202E5909C17349CA034DE043C030B0.pygtex)
\openout6 = `btp_report.pyg'.

 (./_minted-btp_report/157E025D873EB7AA209DB6F872EAA26885202E5909C17349CA034DE043C030B0.pygtex)
\openout6 = `btp_report.pyg'.

 (./_minted-btp_report/123F461706CB435A8CF60B4714C39EA885202E5909C17349CA034DE043C030B0.pygtex)
\openout6 = `btp_report.pyg'.

 (./_minted-btp_report/3D619650DFDD9059546B8ACFBCB4332F91D819D9B397CF8B3CC6F4F38D71D80D.pygtex) [46]
LaTeX Font Info:    Font shape `OMS/cmr/m/n' in size <12> not available
(Font)              Font shape `OMS/cmsy/m/n' tried instead on input line 73.
 [47]
\openout6 = `btp_report.pyg'.

 (./_minted-btp_report/48C8819AA4811C57730D9AEA023D0F97014A7D30D01DDB64A90DC94FEB868415.pygtex [48])) [49] [50


]

\openout2 = `chapter4.aux'.

(./chapter4.tex
Chapter 7.
[51


] [52]
\openout6 = `btp_report.pyg'.

 (./_minted-btp_report/E428858C148A82E7CAD7EA66524A8EBBA508512970308FA877B480F3970C5615.pygtex [53] [54])
<assets/myFrame.png, id=870, 402.50375pt x 567.62062pt>
File: assets/myFrame.png Graphic file (type png)
<use assets/myFrame.png>
Package pdftex.def Info: assets/myFrame.png  used on input line 64.
(pdftex.def)             Requested size: 275.91608pt x 389.10359pt.
 [55 <./assets/myFrame.png>]
\openout7 = `btp_report.pyg'.

 (./_minted-btp_report/B2EAAD0E09F4865C728E2030F0BE515DC10BE7C546AB936BC0B71780EEC7C66C.pygtex)
\openout7 = `btp_report.pyg'.

 (./_minted-btp_report/9E3E7A1739399488A1AD98328230058AC10BE7C546AB936BC0B71780EEC7C66C.pygtex)
\openout7 = `btp_report.pyg'.

 (./_minted-btp_report/DE2C2E2436F969A155C863173DC66EECC10BE7C546AB936BC0B71780EEC7C66C.pygtex)
\openout7 = `btp_report.pyg'.

 (./_minted-btp_report/6F2170798604007AA9F132ED19502EFEC10BE7C546AB936BC0B71780EEC7C66C.pygtex)
\openout7 = `btp_report.pyg'.

 (./_minted-btp_report/5F3FFFA11EDC4B9FAC73B2597CCA64FAC10BE7C546AB936BC0B71780EEC7C66C.pygtex)
\openout7 = `btp_report.pyg'.

 (./_minted-btp_report/91BAFE9A72D7632EC626810EC27A3A4DC10BE7C546AB936BC0B71780EEC7C66C.pygtex)
\openout7 = `btp_report.pyg'.

 (./_minted-btp_report/120D7F3E68408BB9C5002B3A528AF783C10BE7C546AB936BC0B71780EEC7C66C.pygtex)
\openout7 = `btp_report.pyg'.

 (./_minted-btp_report/320918BB5BDC3B49D4AFFB9F9E13A171C10BE7C546AB936BC0B71780EEC7C66C.pygtex)
\openout7 = `btp_report.pyg'.

 (./_minted-btp_report/120D7F3E68408BB9C5002B3A528AF783C10BE7C546AB936BC0B71780EEC7C66C.pygtex)
\openout7 = `btp_report.pyg'.

 (./_minted-btp_report/A37EAF374A4F4E2836C12AD82ADDA13BC10BE7C546AB936BC0B71780EEC7C66C.pygtex)
Overfull \hbox (18.90047pt too wide) in paragraph at lines 106--114
[]\OT1/cmr/m/n/12 To ex-tend the cur-rent frame, we must sub-tract it by the amount \OT1/cmtt/m/n/12 escaped-arguments
 []

\openout7 = `btp_report.pyg'.

(./_minted-btp_report/120D7F3E68408BB9C5002B3A528AF783C10BE7C546AB936BC0B71780EEC7C66C.pygtex)
\openout7 = `btp_report.pyg'.

 (./_minted-btp_report/91BAFE9A72D7632EC626810EC27A3A4DC10BE7C546AB936BC0B71780EEC7C66C.pygtex)
\openout7 = `btp_report.pyg'.

 (./_minted-btp_report/91BAFE9A72D7632EC626810EC27A3A4DC10BE7C546AB936BC0B71780EEC7C66C.pygtex)
\openout7 = `btp_report.pyg'.

 (./_minted-btp_report/120D7F3E68408BB9C5002B3A528AF783C10BE7C546AB936BC0B71780EEC7C66C.pygtex)
\openout7 = `btp_report.pyg'.

 (./_minted-btp_report/120D7F3E68408BB9C5002B3A528AF783C10BE7C546AB936BC0B71780EEC7C66C.pygtex)
\openout7 = `btp_report.pyg'.

 (./_minted-btp_report/91BAFE9A72D7632EC626810EC27A3A4DC10BE7C546AB936BC0B71780EEC7C66C.pygtex)
\openout7 = `btp_report.pyg'.

 (./_minted-btp_report/91BAFE9A72D7632EC626810EC27A3A4DC10BE7C546AB936BC0B71780EEC7C66C.pygtex) [56]
\openout7 = `btp_report.pyg'.

 (./_minted-btp_report/DE39BF7187934C031336876CBEFA257DC10BE7C546AB936BC0B71780EEC7C66C.pygtex)
\openout7 = `btp_report.pyg'.

 (./_minted-btp_report/DE39BF7187934C031336876CBEFA257DC10BE7C546AB936BC0B71780EEC7C66C.pygtex)
\openout7 = `btp_report.pyg'.

 (./_minted-btp_report/2E272243591B4867255A1C668E8B5784C10BE7C546AB936BC0B71780EEC7C66C.pygtex)
\openout7 = `btp_report.pyg'.

 (./_minted-btp_report/A56FFD9F01FA749377CBAEA011A57365C10BE7C546AB936BC0B71780EEC7C66C.pygtex)
\openout7 = `btp_report.pyg'.

 (./_minted-btp_report/83963E4C0E590B8F10F5D10B31DA1417C10BE7C546AB936BC0B71780EEC7C66C.pygtex)
\openout7 = `btp_report.pyg'.

 (./_minted-btp_report/A7955749E6BEAFF7F05824D07B0E5CA9C10BE7C546AB936BC0B71780EEC7C66C.pygtex)
\openout7 = `btp_report.pyg'.

 (./_minted-btp_report/B2F994AC01A3F2B6846CE3AA30696472C10BE7C546AB936BC0B71780EEC7C66C.pygtex)
\openout7 = `btp_report.pyg'.

 (./_minted-btp_report/5A1A5EEA448C7CA01625BD2958929294C10BE7C546AB936BC0B71780EEC7C66C.pygtex)
\openout7 = `btp_report.pyg'.

 (./_minted-btp_report/413DFD187002C33A93E6A6CDE4B17CA7C10BE7C546AB936BC0B71780EEC7C66C.pygtex)
\openout7 = `btp_report.pyg'.

 (./_minted-btp_report/B2F994AC01A3F2B6846CE3AA30696472C10BE7C546AB936BC0B71780EEC7C66C.pygtex)
\openout7 = `btp_report.pyg'.

 (./_minted-btp_report/42AB332DAB04BECE88559AF2A3C1ADD2C10BE7C546AB936BC0B71780EEC7C66C.pygtex)
\openout7 = `btp_report.pyg'.

 (./_minted-btp_report/401B30E3B8B5D629635A5C613CDB7919C10BE7C546AB936BC0B71780EEC7C66C.pygtex)
\openout7 = `btp_report.pyg'.

 (./_minted-btp_report/69B64623F86DEF16CE17D454B8BE41AEC10BE7C546AB936BC0B71780EEC7C66C.pygtex)
\openout7 = `btp_report.pyg'.

 (./_minted-btp_report/009520053B00386D1173F3988C55D192C10BE7C546AB936BC0B71780EEC7C66C.pygtex)
\openout7 = `btp_report.pyg'.

 (./_minted-btp_report/01FBDC44EF819DB6273BC30965A23814C10BE7C546AB936BC0B71780EEC7C66C.pygtex)
\openout7 = `btp_report.pyg'.

 (./_minted-btp_report/69B64623F86DEF16CE17D454B8BE41AEC10BE7C546AB936BC0B71780EEC7C66C.pygtex)
\openout7 = `btp_report.pyg'.

 (./_minted-btp_report/E415B82D0159F6103B2E9CC6BB8843F3C10BE7C546AB936BC0B71780EEC7C66C.pygtex)
\openout7 = `btp_report.pyg'.

 (./_minted-btp_report/B2F994AC01A3F2B6846CE3AA30696472C10BE7C546AB936BC0B71780EEC7C66C.pygtex)
\openout7 = `btp_report.pyg'.

 (./_minted-btp_report/F9D008B2E45B9B584683E6A6C6035E22C10BE7C546AB936BC0B71780EEC7C66C.pygtex)
\openout7 = `btp_report.pyg'.

 (./_minted-btp_report/50C581195564EFBEC300F62146C63E49C10BE7C546AB936BC0B71780EEC7C66C.pygtex)
\openout7 = `btp_report.pyg'.

 (./_minted-btp_report/B0C945BAE2AF9931D1087CB452524DBAC10BE7C546AB936BC0B71780EEC7C66C.pygtex)
Overfull \hbox (18.20879pt too wide) in paragraph at lines 196--202
[]\OT1/cmr/m/n/12 Called func-tion must save callee-save reg-is-ters in-clude \OT1/cmtt/m/n/12 ra\OT1/cmr/m/n/12 , this is done in \OT1/cmtt/m/n/12 procEntryExit1\OT1/cmr/m/n/12 ,
 []

[57]
\openout6 = `btp_report.pyg'.

 (./_minted-btp_report/20B5CAF48FCB8D279D4EA3FED1B84169A508512970308FA877B480F3970C5615.pygtex [58])
\openout6 = `btp_report.pyg'.

 (./_minted-btp_report/DB28B0389A80558BF0297DC8EC532AC4A508512970308FA877B480F3970C5615.pygtex)
\openout6 = `btp_report.pyg'.

 (./_minted-btp_report/628B7F2CE3E35899FAFCE226097A716BA508512970308FA877B480F3970C5615.pygtex)
\openout6 = `btp_report.pyg'.

 (./_minted-btp_report/DE389EAEF659E5DEA9BA13252F303087A508512970308FA877B480F3970C5615.pygtex)
\openout6 = `btp_report.pyg'.

 (./_minted-btp_report/161B4D836F68565728AAD472BB0470C4A508512970308FA877B480F3970C5615.pygtex) [59]) [60]

\openout2 = `chapter5.aux'.

(./chapter5.tex
Chapter 8.
\openout7 = `btp_report.pyg'.

(./_minted-btp_report/A3C79C18AA3B76035AA401F9278A009DC10BE7C546AB936BC0B71780EEC7C66C.pygtex)
\openout7 = `btp_report.pyg'.

 (./_minted-btp_report/72AB237210D032602BDA88DCB4B845CAC10BE7C546AB936BC0B71780EEC7C66C.pygtex)
\openout7 = `btp_report.pyg'.

 (./_minted-btp_report/72AB237210D032602BDA88DCB4B845CAC10BE7C546AB936BC0B71780EEC7C66C.pygtex)
\openout7 = `btp_report.pyg'.

 (./_minted-btp_report/72AB237210D032602BDA88DCB4B845CAC10BE7C546AB936BC0B71780EEC7C66C.pygtex)
\openout7 = `btp_report.pyg'.

 (./_minted-btp_report/317C77303BF3D8D83CE39E9670F8566DC10BE7C546AB936BC0B71780EEC7C66C.pygtex)
\openout7 = `btp_report.pyg'.

 (./_minted-btp_report/64F0BA6C1965D40BC305A9DF0133AE7BC10BE7C546AB936BC0B71780EEC7C66C.pygtex)
\openout7 = `btp_report.pyg'.

 (./_minted-btp_report/317C77303BF3D8D83CE39E9670F8566DC10BE7C546AB936BC0B71780EEC7C66C.pygtex)
\openout7 = `btp_report.pyg'.

 (./_minted-btp_report/EFE46905E91367D4A22B17CC5702AD90C10BE7C546AB936BC0B71780EEC7C66C.pygtex) [61




]
\openout7 = `btp_report.pyg'.

 (./_minted-btp_report/9EA2FFF327E06426F275130862E6F2FCC10BE7C546AB936BC0B71780EEC7C66C.pygtex)
Overfull \hbox (23.30289pt too wide) in paragraph at lines 40--42
[]\OT1/cmr/m/n/12 Remedy is to do the trans-for-ma-tion; \OT1/cmtt/m/n/12 CALL(fun, args) -> ESEQ(MOVE(TEMP t, CALL(fun,
 []

\openout7 = `btp_report.pyg'.

(./_minted-btp_report/A3C79C18AA3B76035AA401F9278A009DC10BE7C546AB936BC0B71780EEC7C66C.pygtex)
\openout7 = `btp_report.pyg'.

 (./_minted-btp_report/4C0EFD10939934DD4FC2A9CBEE70EF0CC10BE7C546AB936BC0B71780EEC7C66C.pygtex)
\openout7 = `btp_report.pyg'.

 (./_minted-btp_report/F4D5D0C0671BE202BC241807C243E80BC10BE7C546AB936BC0B71780EEC7C66C.pygtex)
\openout7 = `btp_report.pyg'.

 (./_minted-btp_report/9FFBF43126E33BE52CD2BF7E01D627F9C10BE7C546AB936BC0B71780EEC7C66C.pygtex)
\openout7 = `btp_report.pyg'.

 (./_minted-btp_report/B8F2EB1DB866935E5100B7BD0FDA7414C10BE7C546AB936BC0B71780EEC7C66C.pygtex)
<assets/canon1.png, id=921, 757.83125pt x 985.6825pt>
File: assets/canon1.png Graphic file (type png)
<use assets/canon1.png>
Package pdftex.def Info: assets/canon1.png  used on input line 63.
(pdftex.def)             Requested size: 323.76808pt x 421.11292pt.
\openout7 = `btp_report.pyg'.

 (./_minted-btp_report/B8F2EB1DB866935E5100B7BD0FDA7414C10BE7C546AB936BC0B71780EEC7C66C.pygtex)
\openout7 = `btp_report.pyg'.

 (./_minted-btp_report/A3C79C18AA3B76035AA401F9278A009DC10BE7C546AB936BC0B71780EEC7C66C.pygtex)
\openout7 = `btp_report.pyg'.

 (./_minted-btp_report/1A7BBB2407A022EEAB21E748FBF3B5FAC10BE7C546AB936BC0B71780EEC7C66C.pygtex)
\openout7 = `btp_report.pyg'.

 (./_minted-btp_report/10689B8EFCE24CF45E3A40F250BA338DC10BE7C546AB936BC0B71780EEC7C66C.pygtex)
\openout7 = `btp_report.pyg'.

 (./_minted-btp_report/3D08D09E20836AC0AF25670A860D70FBC10BE7C546AB936BC0B71780EEC7C66C.pygtex)
\openout7 = `btp_report.pyg'.

 (./_minted-btp_report/10689B8EFCE24CF45E3A40F250BA338DC10BE7C546AB936BC0B71780EEC7C66C.pygtex)
\openout7 = `btp_report.pyg'.

 (./_minted-btp_report/3D08D09E20836AC0AF25670A860D70FBC10BE7C546AB936BC0B71780EEC7C66C.pygtex)
\openout7 = `btp_report.pyg'.

 (./_minted-btp_report/10689B8EFCE24CF45E3A40F250BA338DC10BE7C546AB936BC0B71780EEC7C66C.pygtex)
\openout7 = `btp_report.pyg'.

 (./_minted-btp_report/369990B384D3CB76276C5AA5C98725C9C10BE7C546AB936BC0B71780EEC7C66C.pygtex)
\openout7 = `btp_report.pyg'.

 (./_minted-btp_report/3D08D09E20836AC0AF25670A860D70FBC10BE7C546AB936BC0B71780EEC7C66C.pygtex)
\openout7 = `btp_report.pyg'.

 (./_minted-btp_report/76A81E06C218E81E4CD236F701FBCE76C10BE7C546AB936BC0B71780EEC7C66C.pygtex)
\openout7 = `btp_report.pyg'.

 (./_minted-btp_report/61E43486194FCF03E1CF161C7D9D2D6DC10BE7C546AB936BC0B71780EEC7C66C.pygtex)
\openout7 = `btp_report.pyg'.

 (./_minted-btp_report/4B9E0A2EC0553FD81686619C1147C7B4C10BE7C546AB936BC0B71780EEC7C66C.pygtex) [62] [63 <./assets/canon1.png>]
\openout6 = `btp_report.pyg'.

 (./_minted-btp_report/379B43892DF92ADF96DC654D8E8D2813A508512970308FA877B480F3970C5615.pygtex)
\openout7 = `btp_report.pyg'.

 (./_minted-btp_report/CDFA57773AFCFBB2F9E97552684373A9C10BE7C546AB936BC0B71780EEC7C66C.pygtex)
\openout7 = `btp_report.pyg'.

 (./_minted-btp_report/B371A2885B2E5656932F3FF1924E4616C10BE7C546AB936BC0B71780EEC7C66C.pygtex)
\openout7 = `btp_report.pyg'.

 (./_minted-btp_report/369990B384D3CB76276C5AA5C98725C9C10BE7C546AB936BC0B71780EEC7C66C.pygtex)
\openout7 = `btp_report.pyg'.

 (./_minted-btp_report/76A81E06C218E81E4CD236F701FBCE76C10BE7C546AB936BC0B71780EEC7C66C.pygtex)
\openout7 = `btp_report.pyg'.

 (./_minted-btp_report/B43CD27103620246504E332915616C90C10BE7C546AB936BC0B71780EEC7C66C.pygtex)
\openout7 = `btp_report.pyg'.

 (./_minted-btp_report/3FC45E97ECE3A6D14E9826AFC4746A45C10BE7C546AB936BC0B71780EEC7C66C.pygtex)
\openout7 = `btp_report.pyg'.

 (./_minted-btp_report/B371A2885B2E5656932F3FF1924E4616C10BE7C546AB936BC0B71780EEC7C66C.pygtex)
\openout7 = `btp_report.pyg'.

 (./_minted-btp_report/677D5943122D904F804C6CD01940AC1CC10BE7C546AB936BC0B71780EEC7C66C.pygtex)
\openout7 = `btp_report.pyg'.

 (./_minted-btp_report/BD54F33B86A980BCA586E037D49F4CF6C10BE7C546AB936BC0B71780EEC7C66C.pygtex)
\openout7 = `btp_report.pyg'.

 (./_minted-btp_report/CDFA57773AFCFBB2F9E97552684373A9C10BE7C546AB936BC0B71780EEC7C66C.pygtex)
\openout7 = `btp_report.pyg'.

 (./_minted-btp_report/76A81E06C218E81E4CD236F701FBCE76C10BE7C546AB936BC0B71780EEC7C66C.pygtex)
\openout7 = `btp_report.pyg'.

 (./_minted-btp_report/369990B384D3CB76276C5AA5C98725C9C10BE7C546AB936BC0B71780EEC7C66C.pygtex)
\openout7 = `btp_report.pyg'.

 (./_minted-btp_report/BD54F33B86A980BCA586E037D49F4CF6C10BE7C546AB936BC0B71780EEC7C66C.pygtex) [64]
<assets/is1.png, id=944, 1103.12125pt x 929.4725pt>
File: assets/is1.png Graphic file (type png)
<use assets/is1.png>
Package pdftex.def Info: assets/is1.png  used on input line 164.
(pdftex.def)             Requested size: 323.76839pt x 272.80212pt.
\openout7 = `btp_report.pyg'.

 (./_minted-btp_report/A22167340403DC522002275A93AA4B1AC10BE7C546AB936BC0B71780EEC7C66C.pygtex)
\openout7 = `btp_report.pyg'.

 (./_minted-btp_report/683F33C2DA022C3C92BC9A9FBB1E7D24C10BE7C546AB936BC0B71780EEC7C66C.pygtex)
\openout7 = `btp_report.pyg'.

 (./_minted-btp_report/1C12A38C7466ACC4AFBB9D8928E36969C10BE7C546AB936BC0B71780EEC7C66C.pygtex)
\openout7 = `btp_report.pyg'.

 (./_minted-btp_report/93531BE822238CF71A1FB7EC167C67C6C10BE7C546AB936BC0B71780EEC7C66C.pygtex)
\openout7 = `btp_report.pyg'.

 (./_minted-btp_report/BD1E72027B39446DD3ED7DFA0B393CB2C10BE7C546AB936BC0B71780EEC7C66C.pygtex)
\openout7 = `btp_report.pyg'.

 (./_minted-btp_report/D90AF744435C221126848D0D10825FD8C10BE7C546AB936BC0B71780EEC7C66C.pygtex)
\openout7 = `btp_report.pyg'.

 (./_minted-btp_report/A22167340403DC522002275A93AA4B1AC10BE7C546AB936BC0B71780EEC7C66C.pygtex) [65 <./assets/is1.png>]
\openout7 = `btp_report.pyg'.

 (./_minted-btp_report/387E0455CC2C7085FB212A66CC73FF44C10BE7C546AB936BC0B71780EEC7C66C.pygtex)
\openout7 = `btp_report.pyg'.

 (./_minted-btp_report/60B725F10C9C85C70D97880DFE8191B3C10BE7C546AB936BC0B71780EEC7C66C.pygtex)
<assets/is2.png, id=953, 1085.05376pt x 698.61pt>
File: assets/is2.png Graphic file (type png)
<use assets/is2.png>
Package pdftex.def Info: assets/is2.png  used on input line 200.
(pdftex.def)             Requested size: 323.76364pt x 208.45467pt.
\openout7 = `btp_report.pyg'.

 (./_minted-btp_report/1B9C265C5F9571ED1554BCB64BFC4762C10BE7C546AB936BC0B71780EEC7C66C.pygtex)
\openout7 = `btp_report.pyg'.

 (./_minted-btp_report/48F31B717CCDCA470D4B08D10E32C241C10BE7C546AB936BC0B71780EEC7C66C.pygtex)
\openout7 = `btp_report.pyg'.

 (./_minted-btp_report/48F31B717CCDCA470D4B08D10E32C241C10BE7C546AB936BC0B71780EEC7C66C.pygtex) [66 <./assets/is2.png>]
\openout7 = `btp_report.pyg'.

 (./_minted-btp_report/1AE58F92EB6BB0BCEBFD772B7C0EFC5BC10BE7C546AB936BC0B71780EEC7C66C.pygtex)
\openout7 = `btp_report.pyg'.

 (./_minted-btp_report/60B725F10C9C85C70D97880DFE8191B3C10BE7C546AB936BC0B71780EEC7C66C.pygtex)
\openout7 = `btp_report.pyg'.

 (./_minted-btp_report/3B5D5C3712955042212316173CCF37BEC10BE7C546AB936BC0B71780EEC7C66C.pygtex)
\openout7 = `btp_report.pyg'.

 (./_minted-btp_report/60B725F10C9C85C70D97880DFE8191B3C10BE7C546AB936BC0B71780EEC7C66C.pygtex)
\openout7 = `btp_report.pyg'.

 (./_minted-btp_report/3B5D5C3712955042212316173CCF37BEC10BE7C546AB936BC0B71780EEC7C66C.pygtex)
\openout7 = `btp_report.pyg'.

 (./_minted-btp_report/401B30E3B8B5D629635A5C613CDB7919C10BE7C546AB936BC0B71780EEC7C66C.pygtex)
\openout7 = `btp_report.pyg'.

 (./_minted-btp_report/009520053B00386D1173F3988C55D192C10BE7C546AB936BC0B71780EEC7C66C.pygtex)
\openout7 = `btp_report.pyg'.

 (./_minted-btp_report/401B30E3B8B5D629635A5C613CDB7919C10BE7C546AB936BC0B71780EEC7C66C.pygtex)
\openout7 = `btp_report.pyg'.

 (./_minted-btp_report/009520053B00386D1173F3988C55D192C10BE7C546AB936BC0B71780EEC7C66C.pygtex)
\openout7 = `btp_report.pyg'.

 (./_minted-btp_report/5CCE070E8AD6B9A0728931657B2F5EF7C10BE7C546AB936BC0B71780EEC7C66C.pygtex)
\openout7 = `btp_report.pyg'.

 (./_minted-btp_report/236B72014E034FC8E36D3AF9EC3C4BD7C10BE7C546AB936BC0B71780EEC7C66C.pygtex) [67]
\openout7 = `btp_report.pyg'.

 (./_minted-btp_report/614DD0E977BECB4C6F7FA99E64549B12C10BE7C546AB936BC0B71780EEC7C66C.pygtex)
\openout7 = `btp_report.pyg'.

 (./_minted-btp_report/60B725F10C9C85C70D97880DFE8191B3C10BE7C546AB936BC0B71780EEC7C66C.pygtex)
\openout7 = `btp_report.pyg'.

 (./_minted-btp_report/3B5D5C3712955042212316173CCF37BEC10BE7C546AB936BC0B71780EEC7C66C.pygtex)
\openout7 = `btp_report.pyg'.

 (./_minted-btp_report/60B725F10C9C85C70D97880DFE8191B3C10BE7C546AB936BC0B71780EEC7C66C.pygtex)
\openout7 = `btp_report.pyg'.

 (./_minted-btp_report/3B5D5C3712955042212316173CCF37BEC10BE7C546AB936BC0B71780EEC7C66C.pygtex) [68] [69]) [70]

(./btp_report.bbl) [71




]
Package atveryend Info: Empty hook `BeforeClearDocument' on input line 113.
Package atveryend Info: Empty hook `AfterLastShipout' on input line 113.
 (./btp_report.aux (./title.aux) (./certificate.aux) (./acknowledgement.aux) (./chapterTigSpec.aux) (./chapterClass.aux) (./chapter0.aux) (./chapter1.aux) (./chapter2.aux) (./chapter3.aux) (./chapter4.aux) (./chapter5.aux))
Package atveryend Info: Executing hook `AtVeryEndDocument' on input line 113.
Package atveryend Info: Executing hook `AtEndAfterFileList' on input line 113.
Package rerunfilecheck Info: File `btp_report.out' has not changed.
(rerunfilecheck)             Checksum: 5AD556ED741E5D873B826215F54D187F;4752.
runsystem(rm btp_report.pyg)...executed.

Package atveryend Info: Empty hook `AtVeryVeryEnd' on input line 113.
 ) 
Here is how much of TeX's memory you used:
 21165 strings out of 481239
 435472 string characters out of 5920378
 708471 words of memory out of 5000000
 35336 multiletter control sequences out of 15000+600000
 545107 words of font info for 68 fonts, out of 8000000 for 9000
 1141 hyphenation exceptions out of 8191
 59i,10n,75p,1178b,666s stack positions out of 5000i,500n,10000p,200000b,80000s
{/usr/share/texmf/fonts/enc/dvips/cm-super/cm-super-ts1.enc}</usr/share/texlive/texmf-dist/fonts/type1/public/amsfonts/cm/cmbx10.pfb></usr/share/texlive/texmf-dist/fonts/type1/public/amsfonts/cm/cmbx12.pfb></usr/share/texlive/texmf-dist/fonts/type1/public/amsfonts/cm/cmbxsl10.pfb></usr/share/texlive/texmf-dist/fonts/type1/public/amsfonts/cm/cmbxti10.pfb></usr/share/texlive/texmf-dist/fonts/type1/public/amsfonts/cm/cmitt10.pfb></usr/share/texlive/texmf-dist/fonts/type1/public/amsfonts/cm/cmmi12.pfb></usr/share/texlive/texmf-dist/fonts/type1/public/amsfonts/cm/cmmi8.pfb></usr/share/texlive/texmf-dist/fonts/type1/public/amsfonts/cm/cmr10.pfb></usr/share/texlive/texmf-dist/fonts/type1/public/amsfonts/cm/cmr12.pfb></usr/share/texlive/texmf-dist/fonts/type1/public/amsfonts/cm/cmr8.pfb></usr/share/texlive/texmf-dist/fonts/type1/public/amsfonts/cm/cmss12.pfb></usr/share/texlive/texmf-dist/fonts/type1/public/amsfonts/cm/cmssbx10.pfb></usr/share/texlive/texmf-dist/fonts/type1/public/amsfonts/cm/cmsy10.pfb></usr/share/texlive/texmf-dist/fonts/type1/public/amsfonts/cm/cmsy8.pfb></usr/share/texlive/texmf-dist/fonts/type1/public/amsfonts/cm/cmti12.pfb></usr/share/texlive/texmf-dist/fonts/type1/public/amsfonts/cm/cmtt10.pfb></usr/share/texlive/texmf-dist/fonts/type1/public/amsfonts/cm/cmtt12.pfb></usr/share/texmf/fonts/type1/public/cm-super/sfrm1200.pfb></usr/share/texmf/fonts/type1/public/cm-super/sftt1200.pfb>
Output written on btp_report.pdf (79 pages, 2037484 bytes).
PDF statistics:
 1131 PDF objects out of 1200 (max. 8388607)
 951 compressed objects within 10 object streams
 249 named destinations out of 1000 (max. 500000)
 722 words of extra memory for PDF output out of 10000 (max. 10000000)

